[debug] [2017-09-24T14:25:02.112Z] ----------------------------------------------------------------------
[debug] [2017-09-24T14:25:02.112Z] Command:       C:\Program Files\nodejs\node.exe C:\Users\juand\AppData\Roaming\npm\node_modules\firebase-tools\bin\firebase deploy
[debug] [2017-09-24T14:25:02.112Z] CLI Version:   3.12.0
[debug] [2017-09-24T14:25:02.112Z] Platform:      win32
[debug] [2017-09-24T14:25:02.112Z] Node Version:  v7.10.0
[debug] [2017-09-24T14:25:02.112Z] Time:          Sun Sep 24 2017 09:25:02 GMT-0500 (SA Pacific Standard Time)
[debug] [2017-09-24T14:25:02.112Z] ----------------------------------------------------------------------
[debug] 
[debug] [2017-09-24T14:25:02.131Z] > command requires scopes: ["email","openid","https://www.googleapis.com/auth/cloudplatformprojects.readonly","https://www.googleapis.com/auth/firebase","https://www.googleapis.com/auth/cloud-platform"]
[debug] [2017-09-24T14:25:02.132Z] > authorizing via signed-in user
[debug] [2017-09-24T14:25:02.134Z] >>> HTTP REQUEST GET https://admin.firebase.com/v1/projects/afiny4pt  
 Sun Sep 24 2017 09:25:02 GMT-0500 (SA Pacific Standard Time)
[debug] [2017-09-24T14:25:02.682Z] <<< HTTP RESPONSE 200
[debug] [2017-09-24T14:25:02.682Z] >>> HTTP REQUEST GET https://admin.firebase.com/v1/database/afiny4pt/tokens  
 Sun Sep 24 2017 09:25:02 GMT-0500 (SA Pacific Standard Time)
[debug] [2017-09-24T14:25:07.276Z] <<< HTTP RESPONSE 200
[info] 
[info] === Deploying to 'afiny4pt'...
[info] 
[info] i  deploying database, functions, hosting
[info] +  database: rules ready to deploy.
[debug] [2017-09-24T14:25:08.137Z] > [functions] package.json contents: {
  "name": "functions",
  "description": "Cloud Functions for Firebase",
  "dependencies": {
    "@google/maps": "^0.4.3",
    "firebase-admin": "~5.2.1",
    "firebase-functions": "^0.6.3"
  },
  "private": true
}
[info] i  functions: ensuring necessary APIs are enabled...
[info] i  runtimeconfig: ensuring necessary APIs are enabled...
[debug] [2017-09-24T14:25:08.160Z] >>> HTTP REQUEST GET https://servicemanagement.googleapis.com/v1/services/cloudfunctions.googleapis.com/projectSettings/afiny4pt?view=CONSUMER_VIEW  
 Sun Sep 24 2017 09:25:08 GMT-0500 (SA Pacific Standard Time)
[debug] [2017-09-24T14:25:08.161Z] >>> HTTP REQUEST GET https://servicemanagement.googleapis.com/v1/services/runtimeconfig.googleapis.com/projectSettings/afiny4pt?view=CONSUMER_VIEW  
 Sun Sep 24 2017 09:25:08 GMT-0500 (SA Pacific Standard Time)
[debug] [2017-09-24T14:25:08.953Z] <<< HTTP RESPONSE 200
[info] +  runtimeconfig: all necessary APIs are enabled
[debug] [2017-09-24T14:25:08.956Z] <<< HTTP RESPONSE 200
[info] +  functions: all necessary APIs are enabled
[debug] [2017-09-24T14:25:08.956Z] >>> HTTP REQUEST GET https://appengine.googleapis.com/v1/apps/afiny4pt  
 Sun Sep 24 2017 09:25:08 GMT-0500 (SA Pacific Standard Time)
[debug] [2017-09-24T14:25:08.956Z] >>> HTTP REQUEST GET https://apikeys.googleapis.com/v1/projects/afiny4pt/apiKeys  
 Sun Sep 24 2017 09:25:08 GMT-0500 (SA Pacific Standard Time)
[debug] [2017-09-24T14:25:09.456Z] <<< HTTP RESPONSE 200
[debug] [2017-09-24T14:25:09.644Z] <<< HTTP RESPONSE 200
[info] i  functions: preparing functions directory for uploading...
[debug] [2017-09-24T14:25:14.417Z] >>> HTTP REQUEST GET https://runtimeconfig.googleapis.com/v1beta1/projects/afiny4pt/configs  
 Sun Sep 24 2017 09:25:14 GMT-0500 (SA Pacific Standard Time)
[debug] [2017-09-24T14:25:14.619Z] <<< HTTP RESPONSE 200
[info] i  functions: packaged functions (16.68 KB) for uploading
[debug] [2017-09-24T14:25:17.507Z] >>> HTTP REQUEST GET https://www.googleapis.com/storage/v1/b/staging.afiny4pt.appspot.com  
 Sun Sep 24 2017 09:25:17 GMT-0500 (SA Pacific Standard Time)
[debug] [2017-09-24T14:25:17.710Z] <<< HTTP RESPONSE 200
[debug] [2017-09-24T14:25:17.710Z] >>> HTTP REQUEST POST https://www.googleapis.com/upload/storage/v1/b/staging.afiny4pt.appspot.com/o?uploadType=media&name=firebase-functions-source ReadStream {
  _readableState: 
   ReadableState {
     objectMode: false,
     highWaterMark: 65536,
     buffer: BufferList { head: [Object], tail: [Object], length: 1 },
     length: 17081,
     pipes: null,
     pipesCount: 0,
     flowing: null,
     ended: true,
     endEmitted: false,
     reading: false,
     sync: false,
     needReadable: false,
     emittedReadable: true,
     readableListening: false,
     resumeScheduled: false,
     defaultEncoding: 'utf8',
     ranOut: false,
     awaitDrain: 0,
     readingMore: false,
     decoder: null,
     encoding: null },
  readable: true,
  domain: null,
  _events: { end: [Function] },
  _eventsCount: 1,
  _maxListeners: undefined,
  path: 'C:\\Users\\juand\\AppData\\Local\\Temp\\firebase-functions-512DV5ZzfZvTpgb.zip',
  fd: 5,
  flags: 'r',
  mode: 438,
  start: undefined,
  end: undefined,
  autoClose: true,
  pos: undefined,
  bytesRead: 17081 } 
 Sun Sep 24 2017 09:25:17 GMT-0500 (SA Pacific Standard Time)
[debug] [2017-09-24T14:25:18.561Z] <<< HTTP RESPONSE 200
[info] +  functions: functions folder uploaded successfully
[info] i  hosting: preparing dist directory for upload...
[debug] [2017-09-24T14:25:19.223Z] >>> HTTP REQUEST PUT https://deploy.firebase.com/v1/hosting/afiny4pt/uploads/-KuoGlaDlTooqDeFbYUJ?fileCount=70&message=  
 Sun Sep 24 2017 09:25:19 GMT-0500 (SA Pacific Standard Time)
